<?xml version="1.0" encoding="UTF-8"?>
<testsuite xmlns:xsi="http://www.w3.org/2001/XMLSchema-instance" xsi:noNamespaceSchemaLocation="https://maven.apache.org/surefire/maven-surefire-plugin/xsd/surefire-test-report.xsd" name="com.observeai.platform.realtime.neutrino.client.five9.DirectiveClientTest" time="0.477" tests="6" errors="0" skipped="0" failures="0">
  <properties>
[...]
</properties>
  <testcase name="createDirective_5xxResponse_ShouldThrowException" classname="com.observeai.platform.realtime.neutrino.client.five9.DirectiveClientTest" time="0.061"/>
  <testcase name="attachDirective_5xxResponse_ShouldThrowException" classname="com.observeai.platform.realtime.neutrino.client.five9.DirectiveClientTest" time="0.006"/>
  <testcase name="attachDirective_ValidResponse_ShouldAttachDirective" classname="com.observeai.platform.realtime.neutrino.client.five9.DirectiveClientTest" time="0.004"/>
  <testcase name="createDirective_4xxResponse_ShouldThrowException" classname="com.observeai.platform.realtime.neutrino.client.five9.DirectiveClientTest" time="0.005"/>
  <testcase name="createDirective_ValidResponse_ShouldCreateDirective" classname="com.observeai.platform.realtime.neutrino.client.five9.DirectiveClientTest" time="0.005"/>
  <testcase name="attachDirective_4xxResponse_ShouldThrowException" classname="com.observeai.platform.realtime.neutrino.client.five9.DirectiveClientTest" time="0.005"/>
</testsuite>